<?xml version="1.0" encoding="UTF-8"?>
<!-- Generated by org.testng.reporters.JUnitReportReporter -->
<testsuite hostname="DESKTOP-IGQ0NBI" failures="0" tests="1" name="UserActions.EditProfile" time="47.473" errors="0" timestamp="2022-03-09T15:26:29 IST" skipped="0">
  <testcase classname="UserActions.EditProfile" name="EditPorfile" time="47.473"/>
  <system-out/>
</testsuite> <!-- UserActions.EditProfile -->
