<?xml version="1.0" encoding="UTF-8"?>
<!-- Generated by org.testng.reporters.JUnitReportReporter -->
<testsuite hostname="DESKTOP-IGQ0NBI" failures="0" tests="1" name="UserActions.Register" time="30.476" errors="0" timestamp="2022-03-09T15:29:51 IST" skipped="0">
  <testcase classname="UserActions.Register" name="register" time="30.476"/>
  <system-out/>
</testsuite> <!-- UserActions.Register -->
