<?xml version="1.0" encoding="UTF-8"?>
<!-- Generated by org.testng.reporters.JUnitReportReporter -->
<testsuite hostname="DESKTOP-IGQ0NBI" failures="0" tests="1" name="UserActions.TransferMoney" time="41.430" errors="0" timestamp="2022-03-09T15:43:13 IST" skipped="0">
  <testcase classname="UserActions.TransferMoney" name="TransferMoney" time="41.430"/>
  <system-out/>
</testsuite> <!-- UserActions.TransferMoney -->
