<?xml version="1.0" encoding="UTF-8"?>
<!-- Generated by org.testng.reporters.JUnitReportReporter -->
<testsuite hostname="DESKTOP-IGQ0NBI" failures="0" tests="1" name="UserActions.TransferHistory" time="41.588" errors="0" timestamp="2022-03-09T15:41:06 IST" skipped="0">
  <testcase classname="UserActions.TransferHistory" name="TransactionHistory" time="41.588"/>
  <system-out/>
</testsuite> <!-- UserActions.TransferHistory -->
