<?xml version="1.0" encoding="UTF-8"?>
<!-- Generated by org.testng.reporters.JUnitReportReporter -->
<testsuite hostname="DESKTOP-IGQ0NBI" failures="0" tests="1" name="UserActions.TransactionHistory" time="42.788" errors="0" timestamp="2022-03-09T15:31:33 IST" skipped="0">
  <testcase classname="UserActions.TransactionHistory" name="TransactionHistory" time="42.788"/>
  <system-out/>
</testsuite> <!-- UserActions.TransactionHistory -->
