<?xml version="1.0" encoding="UTF-8"?>
<!-- Generated by org.testng.reporters.JUnitReportReporter -->
<testsuite hostname="DESKTOP-IGQ0NBI" failures="0" tests="1" name="UserActions.ChequeBookRequest" time="44.789" errors="0" timestamp="2022-03-09T15:24:06 IST" skipped="0">
  <testcase classname="UserActions.ChequeBookRequest" name="chequeBookRequest" time="44.789"/>
  <system-out/>
</testsuite> <!-- UserActions.ChequeBookRequest -->
